2012/11/08 23:54:49 [error] [exception.CException] exception 'CException' with message 'Thư mục theme D:\xampp\htdocs\zicza\src\adm\themes không tồn tại' in D:\xampp\htdocs\zicza\framework\web\CThemeManager.php:111
Stack trace:
#0 D:\xampp\htdocs\zicza\framework\web\CThemeManager.php(99): CThemeManager->setBasePath('D:\xampp\htdocs...')
#1 D:\xampp\htdocs\zicza\framework\web\CThemeManager.php(61): CThemeManager->getBasePath()
#2 D:\xampp\htdocs\zicza\framework\web\CWebApplication.php(251): CThemeManager->getTheme('default')
#3 D:\xampp\htdocs\zicza\framework\web\CController.php(587): CWebApplication->getTheme()
#4 D:\xampp\htdocs\zicza\framework\web\CController.php(868): CController->getViewFile('login')
#5 D:\xampp\htdocs\zicza\framework\web\CController.php(783): CController->renderPartial('login', Array, true)
#6 D:\xampp\htdocs\zicza\src\protected\adm\controllers\ASiteController.php(109): CController->render('login', Array)
#7 D:\xampp\htdocs\zicza\framework\web\actions\CInlineAction.php(50): ASiteController->actionLogin()
#8 D:\xampp\htdocs\zicza\framework\web\CController.php(309): CInlineAction->runWithParams(Array)
#9 D:\xampp\htdocs\zicza\framework\web\CController.php(287): CController->runAction(Object(CInlineAction))
#10 D:\xampp\htdocs\zicza\framework\web\CController.php(266): CController->runActionWithFilters(Object(CInlineAction), Array)
#11 D:\xampp\htdocs\zicza\framework\web\CWebApplication.php(276): CController->run('login')
#12 D:\xampp\htdocs\zicza\framework\web\CWebApplication.php(135): CWebApplication->runController('aSite/login')
#13 D:\xampp\htdocs\zicza\framework\base\CApplication.php(162): CWebApplication->processRequest()
#14 D:\xampp\htdocs\zicza\src\adm\index.php(10): CApplication->run()
#15 {main}
REQUEST_URI=/zicza/src/adm/index.php?r=aSite/login
---
